2026-03-16 11:06:33,651 - data_preprocessing - DEBUG - Data loaded properly
2026-03-16 11:06:33,651 - data_preprocessing - DEBUG - Starting preprocessing for DataFrame
2026-03-16 11:06:33,651 - data_preprocessing - DEBUG - Target column encoded
2026-03-16 11:06:33,653 - data_preprocessing - DEBUG - Duplicates removed
2026-03-16 11:06:33,653 - data_preprocessing - ERROR - Error during text normalization: 
**********************************************************************
  Resource 'punkt_tab' not found.
  Please use the NLTK Downloader to obtain the resource:

  >>> import nltk
  >>> nltk.download('punkt_tab')

  For more information see: https://www.nltk.org/data.html

  Attempted to load 'tokenizers/punkt_tab/english/'

  Searched in:
    - '/Users/tanelpastarus/nltk_data'
    - '/Users/tanelpastarus/Projects/MLOps/mlops_prac2/.venv/nltk_data'
    - '/Users/tanelpastarus/Projects/MLOps/mlops_prac2/.venv/share/nltk_data'
    - '/Users/tanelpastarus/Projects/MLOps/mlops_prac2/.venv/lib/nltk_data'
    - '/usr/share/nltk_data'
    - '/usr/local/share/nltk_data'
    - '/usr/lib/nltk_data'
    - '/usr/local/lib/nltk_data'
**********************************************************************

2026-03-16 11:06:33,653 - data_preprocessing - ERROR - Failed to complete the data transformation process: 
**********************************************************************
  Resource 'punkt_tab' not found.
  Please use the NLTK Downloader to obtain the resource:

  >>> import nltk
  >>> nltk.download('punkt_tab')

  For more information see: https://www.nltk.org/data.html

  Attempted to load 'tokenizers/punkt_tab/english/'

  Searched in:
    - '/Users/tanelpastarus/nltk_data'
    - '/Users/tanelpastarus/Projects/MLOps/mlops_prac2/.venv/nltk_data'
    - '/Users/tanelpastarus/Projects/MLOps/mlops_prac2/.venv/share/nltk_data'
    - '/Users/tanelpastarus/Projects/MLOps/mlops_prac2/.venv/lib/nltk_data'
    - '/usr/share/nltk_data'
    - '/usr/local/share/nltk_data'
    - '/usr/lib/nltk_data'
    - '/usr/local/lib/nltk_data'
**********************************************************************

2026-03-16 11:07:16,771 - data_preprocessing - DEBUG - Data loaded properly
2026-03-16 11:07:16,771 - data_preprocessing - DEBUG - Starting preprocessing for DataFrame
2026-03-16 11:07:16,772 - data_preprocessing - DEBUG - Target column encoded
2026-03-16 11:07:16,773 - data_preprocessing - DEBUG - Duplicates removed
2026-03-16 11:07:16,774 - data_preprocessing - ERROR - Error during text normalization: 
**********************************************************************
  Resource 'punkt_tab' not found.
  Please use the NLTK Downloader to obtain the resource:

  >>> import nltk
  >>> nltk.download('punkt_tab')

  For more information see: https://www.nltk.org/data.html

  Attempted to load 'tokenizers/punkt_tab/english/'

  Searched in:
    - '/Users/tanelpastarus/nltk_data'
    - '/Users/tanelpastarus/Projects/MLOps/mlops_prac2/.venv/nltk_data'
    - '/Users/tanelpastarus/Projects/MLOps/mlops_prac2/.venv/share/nltk_data'
    - '/Users/tanelpastarus/Projects/MLOps/mlops_prac2/.venv/lib/nltk_data'
    - '/usr/share/nltk_data'
    - '/usr/local/share/nltk_data'
    - '/usr/lib/nltk_data'
    - '/usr/local/lib/nltk_data'
**********************************************************************

2026-03-16 11:07:16,774 - data_preprocessing - ERROR - Failed to complete the data transformation process: 
**********************************************************************
  Resource 'punkt_tab' not found.
  Please use the NLTK Downloader to obtain the resource:

  >>> import nltk
  >>> nltk.download('punkt_tab')

  For more information see: https://www.nltk.org/data.html

  Attempted to load 'tokenizers/punkt_tab/english/'

  Searched in:
    - '/Users/tanelpastarus/nltk_data'
    - '/Users/tanelpastarus/Projects/MLOps/mlops_prac2/.venv/nltk_data'
    - '/Users/tanelpastarus/Projects/MLOps/mlops_prac2/.venv/share/nltk_data'
    - '/Users/tanelpastarus/Projects/MLOps/mlops_prac2/.venv/lib/nltk_data'
    - '/usr/share/nltk_data'
    - '/usr/local/share/nltk_data'
    - '/usr/lib/nltk_data'
    - '/usr/local/lib/nltk_data'
**********************************************************************

2026-03-16 11:07:55,666 - data_preprocessing - DEBUG - Data loaded properly
2026-03-16 11:07:55,666 - data_preprocessing - DEBUG - Starting preprocessing for DataFrame
2026-03-16 11:07:55,666 - data_preprocessing - DEBUG - Target column encoded
2026-03-16 11:07:55,667 - data_preprocessing - DEBUG - Duplicates removed
2026-03-16 11:07:55,668 - data_preprocessing - ERROR - Error during text normalization: 
**********************************************************************
  Resource 'punkt_tab' not found.
  Please use the NLTK Downloader to obtain the resource:

  >>> import nltk
  >>> nltk.download('punkt_tab')

  For more information see: https://www.nltk.org/data.html

  Attempted to load 'tokenizers/punkt_tab/english/'

  Searched in:
    - '/Users/tanelpastarus/nltk_data'
    - '/Users/tanelpastarus/Projects/MLOps/mlops_prac2/.venv/nltk_data'
    - '/Users/tanelpastarus/Projects/MLOps/mlops_prac2/.venv/share/nltk_data'
    - '/Users/tanelpastarus/Projects/MLOps/mlops_prac2/.venv/lib/nltk_data'
    - '/usr/share/nltk_data'
    - '/usr/local/share/nltk_data'
    - '/usr/lib/nltk_data'
    - '/usr/local/lib/nltk_data'
**********************************************************************

2026-03-16 11:07:55,668 - data_preprocessing - ERROR - Failed to complete the data transformation process: 
**********************************************************************
  Resource 'punkt_tab' not found.
  Please use the NLTK Downloader to obtain the resource:

  >>> import nltk
  >>> nltk.download('punkt_tab')

  For more information see: https://www.nltk.org/data.html

  Attempted to load 'tokenizers/punkt_tab/english/'

  Searched in:
    - '/Users/tanelpastarus/nltk_data'
    - '/Users/tanelpastarus/Projects/MLOps/mlops_prac2/.venv/nltk_data'
    - '/Users/tanelpastarus/Projects/MLOps/mlops_prac2/.venv/share/nltk_data'
    - '/Users/tanelpastarus/Projects/MLOps/mlops_prac2/.venv/lib/nltk_data'
    - '/usr/share/nltk_data'
    - '/usr/local/share/nltk_data'
    - '/usr/lib/nltk_data'
    - '/usr/local/lib/nltk_data'
**********************************************************************

2026-03-16 11:11:57,737 - data_preprocessing - DEBUG - Data loaded properly
2026-03-16 11:11:57,737 - data_preprocessing - DEBUG - Starting preprocessing for DataFrame
2026-03-16 11:11:57,738 - data_preprocessing - DEBUG - Target column encoded
2026-03-16 11:11:57,739 - data_preprocessing - DEBUG - Duplicates removed
2026-03-16 11:11:57,739 - data_preprocessing - ERROR - Error during text normalization: 
**********************************************************************
  Resource 'punkt_tab' not found.
  Please use the NLTK Downloader to obtain the resource:

  >>> import nltk
  >>> nltk.download('punkt_tab')

  For more information see: https://www.nltk.org/data.html

  Attempted to load 'tokenizers/punkt_tab/english/'

  Searched in:
    - '/Users/tanelpastarus/nltk_data'
    - '/Users/tanelpastarus/Projects/MLOps/mlops_prac2/.venv/nltk_data'
    - '/Users/tanelpastarus/Projects/MLOps/mlops_prac2/.venv/share/nltk_data'
    - '/Users/tanelpastarus/Projects/MLOps/mlops_prac2/.venv/lib/nltk_data'
    - '/usr/share/nltk_data'
    - '/usr/local/share/nltk_data'
    - '/usr/lib/nltk_data'
    - '/usr/local/lib/nltk_data'
**********************************************************************

2026-03-16 11:11:57,739 - data_preprocessing - ERROR - Failed to complete the data transformation process: 
**********************************************************************
  Resource 'punkt_tab' not found.
  Please use the NLTK Downloader to obtain the resource:

  >>> import nltk
  >>> nltk.download('punkt_tab')

  For more information see: https://www.nltk.org/data.html

  Attempted to load 'tokenizers/punkt_tab/english/'

  Searched in:
    - '/Users/tanelpastarus/nltk_data'
    - '/Users/tanelpastarus/Projects/MLOps/mlops_prac2/.venv/nltk_data'
    - '/Users/tanelpastarus/Projects/MLOps/mlops_prac2/.venv/share/nltk_data'
    - '/Users/tanelpastarus/Projects/MLOps/mlops_prac2/.venv/lib/nltk_data'
    - '/usr/share/nltk_data'
    - '/usr/local/share/nltk_data'
    - '/usr/lib/nltk_data'
    - '/usr/local/lib/nltk_data'
**********************************************************************

2026-03-16 11:12:44,444 - data_preprocessing - DEBUG - Data loaded properly
2026-03-16 11:12:44,444 - data_preprocessing - DEBUG - Starting preprocessing for DataFrame
2026-03-16 11:12:44,444 - data_preprocessing - DEBUG - Target column encoded
2026-03-16 11:12:44,446 - data_preprocessing - DEBUG - Duplicates removed
2026-03-16 11:12:46,440 - data_preprocessing - DEBUG - Text column transformed
2026-03-16 11:12:46,440 - data_preprocessing - DEBUG - Starting preprocessing for DataFrame
2026-03-16 11:12:46,440 - data_preprocessing - DEBUG - Target column encoded
2026-03-16 11:12:46,441 - data_preprocessing - DEBUG - Duplicates removed
2026-03-16 11:12:46,932 - data_preprocessing - DEBUG - Text column transformed
2026-03-16 11:12:46,936 - data_preprocessing - DEBUG - Processed data saved to ./data/interim
2026-03-16 11:13:12,603 - data_preprocessing - DEBUG - Data loaded properly
2026-03-16 11:13:12,604 - data_preprocessing - DEBUG - Starting preprocessing for DataFrame
2026-03-16 11:13:12,604 - data_preprocessing - DEBUG - Target column encoded
2026-03-16 11:13:12,605 - data_preprocessing - DEBUG - Duplicates removed
2026-03-16 11:13:14,424 - data_preprocessing - DEBUG - Text column transformed
2026-03-16 11:13:14,424 - data_preprocessing - DEBUG - Starting preprocessing for DataFrame
2026-03-16 11:13:14,425 - data_preprocessing - DEBUG - Target column encoded
2026-03-16 11:13:14,425 - data_preprocessing - DEBUG - Duplicates removed
2026-03-16 11:13:14,903 - data_preprocessing - DEBUG - Text column transformed
2026-03-16 11:13:14,906 - data_preprocessing - DEBUG - Processed data saved to ./data/interim
