2026-03-16 11:13:15,578 - feature_engineering - DEBUG - Data loaded and NaNs filled from ./data/interim/train_processed.csv
2026-03-16 11:13:15,578 - feature_engineering - DEBUG - Data loaded and NaNs filled from ./data/interim/test_processed.csv
2026-03-16 11:13:15,597 - feature_engineering - DEBUG - tfidf applied and data transformed
2026-03-16 11:13:15,634 - feature_engineering - DEBUG - Data saved to ./data/processed/train_tfidf.csv
2026-03-16 11:13:15,644 - feature_engineering - DEBUG - Data saved to ./data/processed/test_tfidf.csv
2026-03-16 11:24:42,367 - feature_engineering - DEBUG - Data loaded and NaNs filled from ./data/interim/train_processed.csv
2026-03-16 11:24:42,368 - feature_engineering - DEBUG - Data loaded and NaNs filled from ./data/interim/test_processed.csv
2026-03-16 11:24:42,388 - feature_engineering - DEBUG - tfidf applied and data transformed
2026-03-16 11:24:42,423 - feature_engineering - DEBUG - Data saved to ./data/processed/train_tfidf.csv
2026-03-16 11:24:42,433 - feature_engineering - DEBUG - Data saved to ./data/processed/test_tfidf.csv
2026-03-16 11:31:21,568 - feature_engineering - DEBUG - Parameters retrieved from params.yaml
2026-03-16 11:31:21,571 - feature_engineering - DEBUG - Data loaded and NaNs filled from ./data/interim/train_processed.csv
2026-03-16 11:31:21,572 - feature_engineering - DEBUG - Data loaded and NaNs filled from ./data/interim/test_processed.csv
2026-03-16 11:31:21,591 - feature_engineering - DEBUG - tfidf applied and data transformed
2026-03-16 11:31:21,622 - feature_engineering - DEBUG - Data saved to ./data/processed/train_tfidf.csv
2026-03-16 11:31:21,636 - feature_engineering - DEBUG - Data saved to ./data/processed/test_tfidf.csv
2026-03-16 11:48:20,541 - feature_engineering - DEBUG - Parameters retrieved from params.yaml
2026-03-16 11:48:20,543 - feature_engineering - DEBUG - Data loaded and NaNs filled from ./data/interim/train_processed.csv
2026-03-16 11:48:20,544 - feature_engineering - DEBUG - Data loaded and NaNs filled from ./data/interim/test_processed.csv
2026-03-16 11:48:20,563 - feature_engineering - DEBUG - tfidf applied and data transformed
2026-03-16 11:48:20,630 - feature_engineering - DEBUG - Data saved to ./data/processed/train_tfidf.csv
2026-03-16 11:48:20,648 - feature_engineering - DEBUG - Data saved to ./data/processed/test_tfidf.csv
